<?xml version="1.0" encoding="UTF-8"?>
<testng-results ignored="0" total="1" passed="1" failed="0" skipped="0">
  <reporter-output>
  </reporter-output>
  <suite started-at="2023-06-08T10:39:49 IST" name="Default suite" finished-at="2023-06-08T10:39:54 IST" duration-ms="4695">
    <groups>
    </groups>
    <test started-at="2023-06-08T10:39:49 IST" name="Default test" finished-at="2023-06-08T10:39:54 IST" duration-ms="4695">
      <class name="Pageobject1stmethod.SwagLabsLogin3">
        <test-method signature="login()[pri:0, instance:Pageobject1stmethod.SwagLabsLogin3@e1de817]" started-at="2023-06-08T10:39:49 IST" name="login" finished-at="2023-06-08T10:39:54 IST" duration-ms="4619" status="PASS">
          <reporter-output>
          </reporter-output>
        </test-method> <!-- login -->
      </class> <!-- Pageobject1stmethod.SwagLabsLogin3 -->
    </test> <!-- Default test -->
  </suite> <!-- Default suite -->
</testng-results>
